<?xml version="1.0" encoding="UTF-8"?>
<testsuite name="agh.ics.oop.RectangularMapTest" tests="1" skipped="0" failures="0" errors="0" timestamp="2022-11-22T11:38:40" hostname="MacBook-Air-Milena.local" time="0.007">
  <properties/>
  <testcase name="canMoveToTest()" classname="agh.ics.oop.RectangularMapTest" time="0.007"/>
  <system-out><![CDATA[]]></system-out>
  <system-err><![CDATA[]]></system-err>
</testsuite>
