<?xml version="1.0" encoding="UTF-8"?>
<testsuite name="agh.ics.oop.EngineTest" tests="1" skipped="0" failures="0" errors="0" timestamp="2022-12-05T12:45:00" hostname="MacBook-Air-Milena.local" time="0.018">
  <properties/>
  <testcase name="simulationTest3()" classname="agh.ics.oop.EngineTest" time="0.018"/>
  <system-out><![CDATA[]]></system-out>
  <system-err><![CDATA[]]></system-err>
</testsuite>
