<?xml version="1.0" encoding="UTF-8"?>
<testsuite name="agh.ics.oop.Vector2dTest" tests="12" skipped="0" failures="0" errors="0" timestamp="2022-10-19T17:11:18" hostname="MacBook-Air-Milena.local" time="0.019">
  <properties/>
  <testcase name="upperRightTest()" classname="agh.ics.oop.Vector2dTest" time="0.012"/>
  <testcase name="vector1PrecedesVector2()" classname="agh.ics.oop.Vector2dTest" time="0.0"/>
  <testcase name="vector1FollowsVector2()" classname="agh.ics.oop.Vector2dTest" time="0.0"/>
  <testcase name="vector1DoesNotPrecedeVector2()" classname="agh.ics.oop.Vector2dTest" time="0.001"/>
  <testcase name="oppositeTest()" classname="agh.ics.oop.Vector2dTest" time="0.001"/>
  <testcase name="objectAreNotEqual()" classname="agh.ics.oop.Vector2dTest" time="0.0"/>
  <testcase name="vector1DoesNotFollowVector2()" classname="agh.ics.oop.Vector2dTest" time="0.0"/>
  <testcase name="lowerLeftTest()" classname="agh.ics.oop.Vector2dTest" time="0.001"/>
  <testcase name="vectors3And5Minus1and2Equals2And3Vector()" classname="agh.ics.oop.Vector2dTest" time="0.0"/>
  <testcase name="toStringTest()" classname="agh.ics.oop.Vector2dTest" time="0.001"/>
  <testcase name="vectors3And5Plus4and9Equals7And14Vector()" classname="agh.ics.oop.Vector2dTest" time="0.0"/>
  <testcase name="objectAreEqual()" classname="agh.ics.oop.Vector2dTest" time="0.0"/>
  <system-out><![CDATA[]]></system-out>
  <system-err><![CDATA[]]></system-err>
</testsuite>
