<?xml version="1.0" encoding="UTF-8"?>
<testsuite name="agh.ics.oop.EngineTest" tests="3" skipped="0" failures="0" errors="0" timestamp="2022-11-14T11:23:27" hostname="MacBook-Air-Milena.local" time="0.034">
  <properties/>
  <testcase name="simulationTest1()" classname="agh.ics.oop.EngineTest" time="0.02"/>
  <testcase name="simulationTest2()" classname="agh.ics.oop.EngineTest" time="0.008"/>
  <testcase name="simulationTest3()" classname="agh.ics.oop.EngineTest" time="0.006"/>
  <system-out><![CDATA[ y\x  0 1 2 3 4 5
  5: -------------
  4: | | | | | |N|
  3: | | | | | | |
  2: | |N| | | | |
  1: | | | | | | |
  0: | | | | | | |
 -1: -------------

Zwierze nr 1 wykonuje ruch: FORWARD
Pozcja: (1, 3)
 y\x  0 1 2 3 4 5
  5: -------------
  4: | | | | | |N|
  3: | |N| | | | |
  2: | | | | | | |
  1: | | | | | | |
  0: | | | | | | |
 -1: -------------

Zwierze nr 2 wykonuje ruch: LEFT
Pozcja: (5, 4)
 y\x  0 1 2 3 4 5
  5: -------------
  4: | | | | | |W|
  3: | |N| | | | |
  2: | | | | | | |
  1: | | | | | | |
  0: | | | | | | |
 -1: -------------

Zwierze nr 1 wykonuje ruch: RIGHT
Pozcja: (1, 3)
 y\x  0 1 2 3 4 5
  5: -------------
  4: | | | | | |W|
  3: | |E| | | | |
  2: | | | | | | |
  1: | | | | | | |
  0: | | | | | | |
 -1: -------------

Zwierze nr 2 wykonuje ruch: BACKWARD
Pozcja: (5, 4)
 y\x  0 1 2 3 4 5
  5: -------------
  4: | | | | | |W|
  3: | |E| | | | |
  2: | | | | | | |
  1: | | | | | | |
  0: | | | | | | |
 -1: -------------

Zwierze nr 1 wykonuje ruch: FORWARD
Pozcja: (2, 3)
 y\x  0 1 2 3 4 5
  5: -------------
  4: | | | | | |W|
  3: | | |E| | | |
  2: | | | | | | |
  1: | | | | | | |
  0: | | | | | | |
 -1: -------------

Zwierze nr 2 wykonuje ruch: FORWARD
Pozcja: (4, 4)
 y\x  0 1 2 3 4 5
  5: -------------
  4: | | | | |W| |
  3: | | |E| | | |
  2: | | | | | | |
  1: | | | | | | |
  0: | | | | | | |
 -1: -------------

 y\x  0 1 2 3
  6: ---------
  5: | | | | |
  4: | | | | |
  3: | |N| | |
  2: | | |N| |
  1: | | | | |
  0: | | | | |
 -1: ---------

Zwierze nr 1 wykonuje ruch: RIGHT
Pozcja: (1, 3)
 y\x  0 1 2 3
  6: ---------
  5: | | | | |
  4: | | | | |
  3: | |E| | |
  2: | | |N| |
  1: | | | | |
  0: | | | | |
 -1: ---------

Zwierze nr 2 wykonuje ruch: FORWARD
Pozcja: (2, 3)
 y\x  0 1 2 3
  6: ---------
  5: | | | | |
  4: | | | | |
  3: | |E|N| |
  2: | | | | |
  1: | | | | |
  0: | | | | |
 -1: ---------

Zwierze nr 1 wykonuje ruch: FORWARD
Pozcja: (1, 3)
 y\x  0 1 2 3
  6: ---------
  5: | | | | |
  4: | | | | |
  3: | |E|N| |
  2: | | | | |
  1: | | | | |
  0: | | | | |
 -1: ---------

Zwierze nr 2 wykonuje ruch: LEFT
Pozcja: (2, 3)
 y\x  0 1 2 3
  6: ---------
  5: | | | | |
  4: | | | | |
  3: | |E|W| |
  2: | | | | |
  1: | | | | |
  0: | | | | |
 -1: ---------

Zwierze nr 1 wykonuje ruch: RIGHT
Pozcja: (1, 3)
 y\x  0 1 2 3
  6: ---------
  5: | | | | |
  4: | | | | |
  3: | |S|W| |
  2: | | | | |
  1: | | | | |
  0: | | | | |
 -1: ---------

Zwierze nr 2 wykonuje ruch: FORWARD
Pozcja: (2, 3)
 y\x  0 1 2 3
  6: ---------
  5: | | | | |
  4: | | | | |
  3: | |S|W| |
  2: | | | | |
  1: | | | | |
  0: | | | | |
 -1: ---------

Zwierze nr 1 wykonuje ruch: BACKWARD
Pozcja: (1, 4)
 y\x  0 1 2 3
  6: ---------
  5: | | | | |
  4: | |S| | |
  3: | | |W| |
  2: | | | | |
  1: | | | | |
  0: | | | | |
 -1: ---------

Zwierze nr 2 wykonuje ruch: BACKWARD
Pozcja: (3, 3)
 y\x  0 1 2 3
  6: ---------
  5: | | | | |
  4: | |S| | |
  3: | | | |W|
  2: | | | | |
  1: | | | | |
  0: | | | | |
 -1: ---------

 y\x  0 1 2 3
  6: ---------
  5: | | | | |
  4: | | | | |
  3: | |N| | |
  2: | | | | |
  1: | | | | |
  0: | | | | |
 -1: ---------

Zwierze nr 1 wykonuje ruch: LEFT
Pozcja: (1, 3)
 y\x  0 1 2 3
  6: ---------
  5: | | | | |
  4: | | | | |
  3: | |W| | |
  2: | | | | |
  1: | | | | |
  0: | | | | |
 -1: ---------

Zwierze nr 1 wykonuje ruch: FORWARD
Pozcja: (0, 3)
 y\x  0 1 2 3
  6: ---------
  5: | | | | |
  4: | | | | |
  3: |W| | | |
  2: | | | | |
  1: | | | | |
  0: | | | | |
 -1: ---------

Zwierze nr 1 wykonuje ruch: FORWARD
Pozcja: (0, 3)
 y\x  0 1 2 3
  6: ---------
  5: | | | | |
  4: | | | | |
  3: |W| | | |
  2: | | | | |
  1: | | | | |
  0: | | | | |
 -1: ---------

Zwierze nr 1 wykonuje ruch: FORWARD
Pozcja: (0, 3)
 y\x  0 1 2 3
  6: ---------
  5: | | | | |
  4: | | | | |
  3: |W| | | |
  2: | | | | |
  1: | | | | |
  0: | | | | |
 -1: ---------

Zwierze nr 1 wykonuje ruch: FORWARD
Pozcja: (0, 3)
 y\x  0 1 2 3
  6: ---------
  5: | | | | |
  4: | | | | |
  3: |W| | | |
  2: | | | | |
  1: | | | | |
  0: | | | | |
 -1: ---------

]]></system-out>
  <system-err><![CDATA[]]></system-err>
</testsuite>
