<?xml version="1.0" encoding="UTF-8"?>
<testsuite name="agh.ics.oop.MapDirectionTest" tests="2" skipped="0" failures="0" errors="0" timestamp="2022-10-17T15:01:32" hostname="MacBook-Air-Milena.local" time="0.013">
  <properties/>
  <testcase name="NextDirectionTest()" classname="agh.ics.oop.MapDirectionTest" time="0.012"/>
  <testcase name="PreviousDirectionTest()" classname="agh.ics.oop.MapDirectionTest" time="0.001"/>
  <system-out><![CDATA[]]></system-out>
  <system-err><![CDATA[]]></system-err>
</testsuite>
