<?xml version="1.0" encoding="UTF-8"?>
<testsuite name="agh.ics.oop.OptionsParserTest" tests="1" skipped="0" failures="0" errors="0" timestamp="2022-10-21T13:13:50" hostname="MacBook-Air-Milena.local" time="0.006">
  <properties/>
  <testcase name="ParseWrongValueTest()" classname="agh.ics.oop.OptionsParserTest" time="0.006"/>
  <system-out><![CDATA[]]></system-out>
  <system-err><![CDATA[]]></system-err>
</testsuite>
